<?xml version="1.0" encoding="UTF-8"?>
<!-- Generated by org.testng.reporters.JUnitXMLReporter -->
<testsuite ignored="0" hostname="Karito-707" failures="1" tests="5" name="LoginAllTests" time="0.956" errors="0" timestamp="2024-04-16T14:16:52 ICT">
  <testcase classname="MavenReport.MavenReport.LoginAll" name="LoginAll-admin" time="0.755"/>
  <testcase classname="MavenReport.MavenReport.LoginAll" name="LoginAll-user3" time="0.036"/>
  <testcase classname="MavenReport.MavenReport.LoginAll" name="LoginAll-user2" time="0.037"/>
  <testcase classname="MavenReport.MavenReport.LoginAll" name="LoginAll-user1" time="0.034">
    <failure type="java.lang.AssertionError" message="Đăng nhập không thành công cho user: user1 expected [true] but found [false]">
      <![CDATA[java.lang.AssertionError: Đăng nhập không thành công cho user: user1 expected [true] but found [false]
at MavenReport.MavenReport.LoginAll.testLogin(LoginAll.java:45)
at java.base/java.util.ArrayList.forEach(ArrayList.java:1511)
... Removed 28 stack frames]]>
    </failure>
  </testcase> <!-- LoginAll-user1 -->
  <testcase classname="MavenReport.MavenReport.LoginAll" name="LoginAll-user4" time="0.033"/>
</testsuite> <!-- LoginAllTests -->
