<?xml version="1.0" encoding="UTF-8"?>
<!-- Generated by org.testng.reporters.JUnitXMLReporter -->
<testsuite ignored="0" hostname="Karito-707" failures="1" tests="1" name="LoginTest1" time="0.061" errors="0" timestamp="2024-04-16T14:14:49 ICT">
  <testcase classname="MavenReport.MavenReport.LoginTest1" name="testLogin1" time="0.053">
    <failure type="java.lang.AssertionError" message="Đăng nhập không thành công cho user: user1 expected [true] but found [false]">
      <![CDATA[java.lang.AssertionError: Đăng nhập không thành công cho user: user1 expected [true] but found [false]
at MavenReport.MavenReport.LoginTest1.testLogin1(LoginTest1.java:26)
at java.base/java.util.ArrayList.forEach(ArrayList.java:1511)
... Removed 28 stack frames]]>
    </failure>
  </testcase> <!-- testLogin1 -->
</testsuite> <!-- LoginTest1 -->
