<?xml version="1.0" encoding="UTF-8"?>
<testng-results ignored="0" total="1" passed="1" failed="0" skipped="0">
  <reporter-output>
  </reporter-output>
  <suite started-at="2024-04-16T14:30:16 ICT" name="Default suite" finished-at="2024-04-16T14:30:17 ICT" duration-ms="797">
    <groups>
    </groups>
    <test started-at="2024-04-16T14:30:16 ICT" name="Default test" finished-at="2024-04-16T14:30:17 ICT" duration-ms="797">
      <class name="fpoly.stile.com.TestUpdateVideo">
        <test-method signature="testUpdateVideo()[pri:0, instance:fpoly.stile.com.TestUpdateVideo@61001b64]" started-at="2024-04-16T14:30:16 ICT" name="testUpdateVideo" finished-at="2024-04-16T14:30:17 ICT" duration-ms="760" status="PASS">
          <reporter-output>
          </reporter-output>
        </test-method> <!-- testUpdateVideo -->
      </class> <!-- fpoly.stile.com.TestUpdateVideo -->
    </test> <!-- Default test -->
  </suite> <!-- Default suite -->
</testng-results>
